<?xml version="1.0" encoding="UTF-8"?>
<!-- Generated by org.testng.reporters.JUnitReportReporter -->
<testsuite hostname="tzabrodskaya-PC" name="com.example.tests.ContactCreationTests" tests="2" failures="0" timestamp="14 Feb 2015 02:54:32 GMT" time="10.528" errors="0">
  <testcase name="testNonEmptyContactCreation" time="5.712" classname="com.example.tests.ContactCreationTests"/>
  <testcase name="testEmptyContactCreation" time="4.816" classname="com.example.tests.ContactCreationTests"/>
</testsuite> <!-- com.example.tests.ContactCreationTests -->
