<?xml version="1.0" encoding="UTF-8"?>
<!-- Generated by org.testng.reporters.JUnitReportReporter -->
<testsuite hostname="tzabrodskaya-PC" name="com.example.tests.GroupCreationTests" tests="2" failures="0" timestamp="14 Feb 2015 02:54:32 GMT" time="5.813" errors="0">
  <testcase name="testNonEmptyGroupCreation" time="2.809" classname="com.example.tests.GroupCreationTests"/>
  <testcase name="testEmptyGroupCreation" time="3.004" classname="com.example.tests.GroupCreationTests"/>
</testsuite> <!-- com.example.tests.GroupCreationTests -->
